[ landeradmin@azathoth: Tue Apr 19 09:04:59 2022 ]
/home_local/landeradmin/myami/appion/bin/dogPicker.py \
  --kfactor=1.2 --runname=dogrun1 \
  --rundir=abonham@garibaldi:/gpfs/group/em/appion/abonham/21dec29g/extract/dogrun1 \
  --projectid=505 --session=21dec29g --no-rejects --no-wait --no-commit \
  --no-continue --mrclist=21dec29g_00001hl_00010en.mrc --pdiam=100 \
  --medianval=2 --pixlimit=4 --binval=4 --planereg --invert --minthresh=0.7 \
  --maxthresh=1.5 --maxpeaks=1500 --peaktype=centerofmass --maxsize=1.0 \
  --overlapmult=1.5 --lowpass=-1 --highpass=-1 
[ landeradmin@azathoth: Tue Apr 19 09:09:53 2022 ]
/home_local/landeradmin/myami/appion/bin/dogPicker.py \
  --kfactor=1.2 --runname=dogrun1 \
  --rundir=abonham@garibaldi:/gpfs/group/em/appion/abonham/21dec29g/extract/dogrun1 \
  --projectid=505 --session=21dec29g --no-rejects --no-wait --no-commit \
  --no-continue --mrclist=21dec29g_00001hl_00010en.mrc --pdiam=100 \
  --medianval=2 --pixlimit=4 --binval=4 --planereg --invert --minthresh=0.7 \
  --maxthresh=1.5 --maxpeaks=1500 --peaktype=centerofmass --maxsize=1.0 \
  --overlapmult=1.5 --lowpass=-1 --highpass=-1 
[ landeradmin@azathoth: Tue Apr 19 09:41:14 2022 ]
/home_local/landeradmin/myami/appion/bin/dogPicker.py \
  --kfactor=1.2 --runname=dogrun1 \
  --rundir=abonham@garibaldi:/gpfs/group/em/appion/abonham/21dec29g/extract/dogrun1 \
  --projectid=505 --session=21dec29g --no-rejects --no-wait --no-commit \
  --no-continue --mrclist=21dec29g_00001hl_00010en.mrc --pdiam=100 \
  --medianval=2 --pixlimit=4 --binval=4 --planereg --invert --minthresh=0.7 \
  --maxthresh=1.5 --maxpeaks=1500 --peaktype=centerofmass --maxsize=1.0 \
  --overlapmult=1.5 --lowpass=-1 --highpass=-1 
[ landeradmin@azathoth: Tue Apr 19 09:47:25 2022 ]
/home_local/landeradmin/myami/appion/bin/dogPicker.py \
  --kfactor=1.2 --runname=dogrun1 \
  --rundir=abonham@garibaldi:/gpfs/group/em/appion/abonham/21dec29g/extract/dogrun1 \
  --projectid=505 --session=21dec29g --no-rejects --no-wait --no-commit \
  --no-continue --mrclist=21dec29g_00001hl_00010en.mrc --pdiam=100 \
  --medianval=2 --pixlimit=4 --binval=4 --planereg --invert --minthresh=0.7 \
  --maxthresh=1.5 --maxpeaks=1500 --peaktype=centerofmass --maxsize=1.0 \
  --overlapmult=1.5 --lowpass=-1 --highpass=-1 
[ landeradmin@azathoth: Tue Apr 19 09:48:47 2022 ]
/home_local/landeradmin/myami/appion/bin/dogPicker.py \
  --kfactor=1.2 --runname=dogrun1 \
  --rundir=abonham@garibaldi:/gpfs/group/em/appion/abonham/21dec29g/extract/dogrun1 \
  --projectid=505 --session=21dec29g --no-rejects --no-wait --no-commit \
  --no-continue --mrclist=21dec29g_00001hl_00010en.mrc --pdiam=100 \
  --medianval=2 --pixlimit=4 --binval=4 --planereg --invert --minthresh=0.7 \
  --maxthresh=1.5 --maxpeaks=1500 --peaktype=centerofmass --maxsize=1.0 \
  --overlapmult=1.5 --lowpass=-1 --highpass=-1 
[ landeradmin@azathoth: Tue Apr 19 09:49:31 2022 ]
/home_local/landeradmin/myami/appion/bin/dogPicker.py \
  --kfactor=1.2 --runname=dogrun1 \
  --rundir=abonham@garibaldi:/gpfs/group/em/appion/abonham/21dec29g/extract/dogrun1 \
  --projectid=505 --session=21dec29g --no-rejects --no-wait --no-commit \
  --no-continue --mrclist=21dec29g_00001hl_00010en.mrc --pdiam=100 \
  --medianval=2 --pixlimit=4 --binval=4 --planereg --invert --minthresh=0.7 \
  --maxthresh=1.5 --maxpeaks=1500 --peaktype=centerofmass --maxsize=1.0 \
  --overlapmult=1.5 --lowpass=-1 --highpass=-1 
[ landeradmin@azathoth: Tue Apr 19 09:50:03 2022 ]
/home_local/landeradmin/myami/appion/bin/dogPicker.py \
  --kfactor=1.2 --runname=dogrun1 \
  --rundir=abonham@garibaldi:/gpfs/group/em/appion/abonham/21dec29g/extract/dogrun1 \
  --projectid=505 --session=21dec29g --no-rejects --no-wait --no-commit \
  --no-continue --mrclist=21dec29g_00001hl_00010en.mrc --pdiam=100 \
  --medianval=2 --pixlimit=4 --binval=4 --planereg --invert --minthresh=0.7 \
  --maxthresh=1.5 --maxpeaks=1500 --peaktype=centerofmass --maxsize=1.0 \
  --overlapmult=1.5 --lowpass=-1 --highpass=-1 
[ landeradmin@azathoth: Tue Apr 19 10:11:50 2022 ]
/home_local/landeradmin/myami/appion/bin/dogPicker.py \
  --kfactor=1.2 --runname=dogrun1 \
  --rundir=abonham@garibaldi:/gpfs/group/em/appion/abonham/21dec29g/extract/dogrun1 \
  --projectid=505 --session=21dec29g --no-rejects --no-wait --no-commit \
  --no-continue --mrclist=21dec29g_00001hl_00010en.mrc --pdiam=100 \
  --medianval=2 --pixlimit=4 --binval=4 --planereg --invert --minthresh=0.7 \
  --maxthresh=1.5 --maxpeaks=1500 --peaktype=centerofmass --maxsize=1.0 \
  --overlapmult=1.5 --lowpass=-1 --highpass=-1 
